<?xml version="1.0" encoding="UTF-8"?>
<testng-results skipped="0" failed="0" ignored="0" total="1" passed="1">
  <reporter-output>
  </reporter-output>
  <suite name="Default suite" duration-ms="10328" started-at="2020-09-06T18:43:07Z" finished-at="2020-09-06T18:43:17Z">
    <groups>
    </groups>
    <test name="Default test" duration-ms="10328" started-at="2020-09-06T18:43:07Z" finished-at="2020-09-06T18:43:17Z">
      <class name="com.jiraAPI.Authentication">
        <test-method status="PASS" signature="setUp()[pri:0, instance:com.jiraAPI.Authentication@5c33f1a9]" name="setUp" is-config="true" duration-ms="1176" started-at="2020-09-06T18:43:07Z" finished-at="2020-09-06T18:43:08Z">
          <reporter-output>
          </reporter-output>
        </test-method> <!-- setUp -->
        <test-method status="PASS" signature="createIssue()[pri:0, instance:com.jiraAPI.Authentication@5c33f1a9]" name="createIssue" duration-ms="9088" started-at="2020-09-06T18:43:08Z" finished-at="2020-09-06T18:43:17Z">
          <reporter-output>
          </reporter-output>
        </test-method> <!-- createIssue -->
      </class> <!-- com.jiraAPI.Authentication -->
    </test> <!-- Default test -->
  </suite> <!-- Default suite -->
</testng-results>
